┌ Info: 2023-04-29T10:03:28.398 [28161:1]: Validating connectivity with Goderya algorithm
└ @ PowerNetworkMatrices /home/ciaran/.julia/packages/PowerNetworkMatrices/PMr0V/src/ybus_calculations.jl:330
┌ Info: 2023-04-29T10:03:28.398 [28161:1]: The System has no islands
└ @ PowerNetworkMatrices /home/ciaran/.julia/packages/PowerNetworkMatrices/PMr0V/src/ybus_calculations.jl:274
┌ Info: 2023-04-29T10:03:28.399 [28161:1]: Pre-Initializing Simulation States
└ @ PowerSimulationsDynamics /home/ciaran/.julia/packages/PowerSimulationsDynamics/1kjnZ/src/base/simulation.jl:264
┌ Info: 2023-04-29T10:03:28.399 [28161:1]: Unit System changed to UnitSystem.SYSTEM_BASE = 0
└ @ PowerSystems /home/ciaran/.julia/packages/PowerSystems/POgsb/src/base.jl:407
┌ Info: 2023-04-29T10:03:28.399 [28161:1]: Validating connectivity with Goderya algorithm
└ @ PowerNetworkMatrices /home/ciaran/.julia/packages/PowerNetworkMatrices/PMr0V/src/ybus_calculations.jl:330
┌ Info: 2023-04-29T10:03:28.399 [28161:1]: The System has no islands
└ @ PowerNetworkMatrices /home/ciaran/.julia/packages/PowerNetworkMatrices/PMr0V/src/ybus_calculations.jl:274
┌ Info: 2023-04-29T10:03:28.400 [28161:1]: PowerFlow solve converged, the results have been stored in the system
└ @ PowerFlows /home/ciaran/.julia/packages/PowerFlows/WNoTB/src/nlsolve_powerflow.jl:45
┌ Info: 2023-04-29T10:03:28.400 [28161:1]: Unit System changed to UnitSystem.DEVICE_BASE = 1
└ @ PowerSystems /home/ciaran/.julia/packages/PowerSystems/POgsb/src/base.jl:407
┌ Info: 2023-04-29T10:03:28.406 [28161:1]: Residual from initial guess: max = 8.526789413432212e-10 at 19, total = 4.7020015783651426e-9
└ @ PowerSimulationsDynamics /home/ciaran/.julia/packages/PowerSimulationsDynamics/1kjnZ/src/base/nlsolve_wrapper.jl:98
┌ Info: 2023-04-29T10:03:28.408 [28161:1]: Initialization non-linear solve succeeded with a tolerance of 1.0e-9 using solver trust_region. Saving solution.
└ @ PowerSimulationsDynamics /home/ciaran/.julia/packages/PowerSimulationsDynamics/1kjnZ/src/base/nlsolve_wrapper.jl:65
┌ Info: 2023-04-29T10:03:28.408 [28161:1]: Attaching Perturbations
└ @ PowerSimulationsDynamics /home/ciaran/.julia/packages/PowerSimulationsDynamics/1kjnZ/src/base/simulation.jl:295
┌ Info: 2023-04-29T10:03:28.488 [28161:1]: Simulations status = BUILT
└ @ PowerSimulationsDynamics /home/ciaran/.julia/packages/PowerSimulationsDynamics/1kjnZ/src/base/simulation.jl:413
┌ Info: 2023-04-29T10:03:28.488 [28161:1]: 
│  ───────────────────────────────────────────────────────────────────────────────
│                                                      Time          Allocations  
│                                                ───────────────   ───────────────
│                 Total measured:                    90.1ms            11.8MiB    
│ 
│  Section                               ncalls     time    %tot     alloc    %tot
│  ───────────────────────────────────────────────────────────────────────────────
│  Build Simulation                           1   90.1ms  100.0%   11.8MiB  100.0%
│    Build Simulation Inputs                  1   1.45ms    1.6%    331KiB    2.7%
│      Wrap Branches                          1    176μs    0.2%   25.5KiB    0.2%
│      Wrap Dynamic Injectors                 1    598μs    0.7%    146KiB    1.2%
│      Calculate MM, DAE_vector, Tota...      1   68.6μs    0.1%   13.0KiB    0.1%
│      Wrap Static Injectors                  1   92.9μs    0.1%   26.1KiB    0.2%
│    Pre-initialization                       1   1.49ms    1.7%    478KiB    3.9%
│      Power Flow solution                    1    973μs    1.1%    294KiB    2.4%
│      Initialize Static Injectors            1    544ns    0.0%     0.00B    0.0%
│      Initialize Dynamic Injectors           1    455μs    0.5%    170KiB    1.4%
│      Initialize Dynamic Branches            1   19.6μs    0.0%   5.62KiB    0.0%
│    Calculate Jacobian                       1   5.68ms    6.3%   4.19MiB   35.4%
│    Make Model Function                      1   6.91μs    0.0%   2.38KiB    0.0%
│    Initial Condition NLsolve refine...      1   1.95ms    2.2%    952KiB    7.9%
│    Build Perturbations                      1   79.3ms   88.0%   5.90MiB   49.9%
│    Make DiffEq Problem                      1    157μs    0.2%   13.9KiB    0.1%
│  ───────────────────────────────────────────────────────────────────────────────
│ 
└ @ PowerSimulationsDynamics /home/ciaran/.julia/packages/PowerSimulationsDynamics/1kjnZ/src/base/simulation.jl:438
